<?xml version="1.0" encoding="UTF-8"?>
<!-- Generated by org.testng.reporters.JUnitReportReporter -->
<testsuite hostname="DESKTOP-J24U306" failures="0" tests="1" name="seleniumGrid.HeadLessTest" time="39.505" errors="0" timestamp="2025-07-15T23:24:01 IST" skipped="0">
  <testcase classname="seleniumGrid.HeadLessTest" name="AmazonGrid" time="39.505"/>
</testsuite> <!-- seleniumGrid.HeadLessTest -->
